<?xml version="1.0" encoding="UTF-8"?>
<!-- Generated by org.testng.reporters.JUnitReportReporter -->
<testsuite hostname="Tejanand" failures="0" tests="1" name="com.selenium.webobject.TakeScreenshotCode" time="1.687" errors="0" timestamp="25 Nov 2020 15:45:58 GMT" skipped="0">
  <testcase classname="com.selenium.webobject.TakeScreenshotCode" name="f" time="1.687"/>
</testsuite> <!-- com.selenium.webobject.TakeScreenshotCode -->
