<?xml version="1.0" encoding="UTF-8"?>
<!-- Generated by org.testng.reporters.JUnitReportReporter -->
<testsuite hostname="Tejanand" failures="0" tests="1" name="com.selenium.keyworddriven.FDTestCase" time="12.846" errors="0" timestamp="07 Nov 2020 10:17:16 GMT" skipped="0">
  <testcase classname="com.selenium.keyworddriven.FDTestCase" name="fdAmount" time="12.846"/>
</testsuite> <!-- com.selenium.keyworddriven.FDTestCase -->
