<?xml version="1.0" encoding="UTF-8"?>
<!-- Generated by org.testng.reporters.JUnitReportReporter -->
<testsuite hostname="Tejanand" failures="0" tests="4" name="com.selenium.webobject.HandleWebObject" time="5.280" errors="0" timestamp="18 Oct 2020 03:51:59 GMT" skipped="0">
  <testcase classname="com.selenium.webobject.HandleWebObject" name="textBox" time="4.621"/>
  <testcase classname="com.selenium.webobject.HandleWebObject" name="radioButton" time="0.125"/>
  <testcase classname="com.selenium.webobject.HandleWebObject" name="checkBox" time="0.267"/>
  <testcase classname="com.selenium.webobject.HandleWebObject" name="dropDown" time="0.267"/>
</testsuite> <!-- com.selenium.webobject.HandleWebObject -->
