<?xml version="1.0" encoding="UTF-8"?>
<!-- Generated by org.testng.reporters.JUnitReportReporter -->
<testsuite hostname="Tejanand" failures="0" tests="3" name="org.Selenium.TestNg.BrowserCode" time="24.381" errors="0" timestamp="24 Nov 2020 14:35:31 GMT" skipped="0">
  <testcase classname="org.Selenium.TestNg.BrowserCode" name="chrome" time="6.161"/>
  <testcase classname="org.Selenium.TestNg.BrowserCode" name="firefox" time="9.785"/>
  <testcase classname="org.Selenium.TestNg.BrowserCode" name="edge" time="8.435"/>
</testsuite> <!-- org.Selenium.TestNg.BrowserCode -->
