<?xml version="1.0" encoding="UTF-8"?>
<!-- Generated by org.testng.reporters.JUnitReportReporter -->
<testsuite hostname="Tejanand" failures="0" tests="3" name="com.selenium.datadriven.DataDriven_DataProvider" time="21.843" errors="0" timestamp="08 Nov 2020 11:06:03 GMT" skipped="0">
  <testcase classname="com.selenium.datadriven.DataDriven_DataProvider" name="fdAmount" time="5.646"/>
  <testcase classname="com.selenium.datadriven.DataDriven_DataProvider" name="fdAmount" time="4.878"/>
  <testcase classname="com.selenium.datadriven.DataDriven_DataProvider" name="fdAmount" time="11.319"/>
</testsuite> <!-- com.selenium.datadriven.DataDriven_DataProvider -->
