<?xml version="1.0" encoding="UTF-8"?>
<!-- Generated by org.testng.reporters.JUnitReportReporter -->
<testsuite hostname="Tejanand" failures="0" tests="2" name="org.Selenium.TestNg.HardAssertCode" time="4.179" errors="0" timestamp="17 Oct 2020 04:47:17 GMT" skipped="0">
  <testcase classname="org.Selenium.TestNg.HardAssertCode" name="loginTestUser" time="2.668"/>
  <testcase classname="org.Selenium.TestNg.HardAssertCode" name="logoutTestUser" time="1.511"/>
</testsuite> <!-- org.Selenium.TestNg.HardAssertCode -->
