<?xml version="1.0" encoding="UTF-8"?>
<!-- Generated by org.testng.reporters.JUnitReportReporter -->
<testsuite hostname="Tejanand" failures="0" tests="2" name="org.Selenium.TestNg.Login_tc" time="6.719" errors="0" timestamp="24 Nov 2020 14:35:31 GMT" skipped="0">
  <testcase classname="org.Selenium.TestNg.Login_tc" name="loginTestUser" time="3.674"/>
  <testcase classname="org.Selenium.TestNg.Login_tc" name="loginAdmin" time="3.045"/>
</testsuite> <!-- org.Selenium.TestNg.Login_tc -->
