<?xml version="1.0" encoding="UTF-8"?>
<!-- Generated by org.testng.reporters.JUnitReportReporter -->
<testsuite hostname="Tejanand" failures="0" tests="2" name="org.Selenium.TestNg.Login_tc" time="9.884" errors="0" timestamp="05 Dec 2020 03:50:01 GMT" skipped="0">
  <testcase classname="org.Selenium.TestNg.Login_tc" name="loginTestUser" time="6.317"/>
  <testcase classname="org.Selenium.TestNg.Login_tc" name="loginAdmin" time="3.567"/>
</testsuite> <!-- org.Selenium.TestNg.Login_tc -->
